Start testing: Nov 25 17:10 MSK
----------------------------------------------------------
1/10 Testing: FactoryTest.CreateElf
1/10 Test: FactoryTest.CreateElf
Command: "/Users/anastasiafimina/Desktop/ВУЗ/oop-labs-2025/lab-06/build/tests/balagur_tests" "--gtest_filter=FactoryTest.CreateElf" "--gtest_also_run_disabled_tests"
Directory: /Users/anastasiafimina/Desktop/ВУЗ/oop-labs-2025/lab-06/build/tests
"FactoryTest.CreateElf" start time: Nov 25 17:10 MSK
Output:
----------------------------------------------------------
Running main() from /Users/anastasiafimina/Desktop/ВУЗ/oop-labs-2025/lab-06/build/_deps/googletest-src/googletest/src/gtest_main.cc
Note: Google Test filter = FactoryTest.CreateElf
[==========] Running 1 test from 1 test suite.
[----------] Global test environment set-up.
[----------] 1 test from FactoryTest
[ RUN      ] FactoryTest.CreateElf
[       OK ] FactoryTest.CreateElf (0 ms)
[----------] 1 test from FactoryTest (0 ms total)

[----------] Global test environment tear-down
[==========] 1 test from 1 test suite ran. (0 ms total)
[  PASSED  ] 1 test.
<end of output>
Test time =   0.00 sec
----------------------------------------------------------
Test Passed.
"FactoryTest.CreateElf" end time: Nov 25 17:10 MSK
"FactoryTest.CreateElf" time elapsed: 00:00:00
----------------------------------------------------------

2/10 Testing: FactoryTest.CreateBandit
2/10 Test: FactoryTest.CreateBandit
Command: "/Users/anastasiafimina/Desktop/ВУЗ/oop-labs-2025/lab-06/build/tests/balagur_tests" "--gtest_filter=FactoryTest.CreateBandit" "--gtest_also_run_disabled_tests"
Directory: /Users/anastasiafimina/Desktop/ВУЗ/oop-labs-2025/lab-06/build/tests
"FactoryTest.CreateBandit" start time: Nov 25 17:10 MSK
Output:
----------------------------------------------------------
Running main() from /Users/anastasiafimina/Desktop/ВУЗ/oop-labs-2025/lab-06/build/_deps/googletest-src/googletest/src/gtest_main.cc
Note: Google Test filter = FactoryTest.CreateBandit
[==========] Running 1 test from 1 test suite.
[----------] Global test environment set-up.
[----------] 1 test from FactoryTest
[ RUN      ] FactoryTest.CreateBandit
[       OK ] FactoryTest.CreateBandit (0 ms)
[----------] 1 test from FactoryTest (0 ms total)

[----------] Global test environment tear-down
[==========] 1 test from 1 test suite ran. (0 ms total)
[  PASSED  ] 1 test.
<end of output>
Test time =   0.00 sec
----------------------------------------------------------
Test Passed.
"FactoryTest.CreateBandit" end time: Nov 25 17:10 MSK
"FactoryTest.CreateBandit" time elapsed: 00:00:00
----------------------------------------------------------

3/10 Testing: FactoryTest.CreateSquirrelFromFile
3/10 Test: FactoryTest.CreateSquirrelFromFile
Command: "/Users/anastasiafimina/Desktop/ВУЗ/oop-labs-2025/lab-06/build/tests/balagur_tests" "--gtest_filter=FactoryTest.CreateSquirrelFromFile" "--gtest_also_run_disabled_tests"
Directory: /Users/anastasiafimina/Desktop/ВУЗ/oop-labs-2025/lab-06/build/tests
"FactoryTest.CreateSquirrelFromFile" start time: Nov 25 17:10 MSK
Output:
----------------------------------------------------------
Running main() from /Users/anastasiafimina/Desktop/ВУЗ/oop-labs-2025/lab-06/build/_deps/googletest-src/googletest/src/gtest_main.cc
Note: Google Test filter = FactoryTest.CreateSquirrelFromFile
[==========] Running 1 test from 1 test suite.
[----------] Global test environment set-up.
[----------] 1 test from FactoryTest
[ RUN      ] FactoryTest.CreateSquirrelFromFile
[       OK ] FactoryTest.CreateSquirrelFromFile (0 ms)
[----------] 1 test from FactoryTest (0 ms total)

[----------] Global test environment tear-down
[==========] 1 test from 1 test suite ran. (0 ms total)
[  PASSED  ] 1 test.
<end of output>
Test time =   0.00 sec
----------------------------------------------------------
Test Passed.
"FactoryTest.CreateSquirrelFromFile" end time: Nov 25 17:10 MSK
"FactoryTest.CreateSquirrelFromFile" time elapsed: 00:00:00
----------------------------------------------------------

4/10 Testing: FactoryTest.MalformedLineThrows
4/10 Test: FactoryTest.MalformedLineThrows
Command: "/Users/anastasiafimina/Desktop/ВУЗ/oop-labs-2025/lab-06/build/tests/balagur_tests" "--gtest_filter=FactoryTest.MalformedLineThrows" "--gtest_also_run_disabled_tests"
Directory: /Users/anastasiafimina/Desktop/ВУЗ/oop-labs-2025/lab-06/build/tests
"FactoryTest.MalformedLineThrows" start time: Nov 25 17:10 MSK
Output:
----------------------------------------------------------
Running main() from /Users/anastasiafimina/Desktop/ВУЗ/oop-labs-2025/lab-06/build/_deps/googletest-src/googletest/src/gtest_main.cc
Note: Google Test filter = FactoryTest.MalformedLineThrows
[==========] Running 1 test from 1 test suite.
[----------] Global test environment set-up.
[----------] 1 test from FactoryTest
[ RUN      ] FactoryTest.MalformedLineThrows
[       OK ] FactoryTest.MalformedLineThrows (0 ms)
[----------] 1 test from FactoryTest (0 ms total)

[----------] Global test environment tear-down
[==========] 1 test from 1 test suite ran. (0 ms total)
[  PASSED  ] 1 test.
<end of output>
Test time =   0.00 sec
----------------------------------------------------------
Test Passed.
"FactoryTest.MalformedLineThrows" end time: Nov 25 17:10 MSK
"FactoryTest.MalformedLineThrows" time elapsed: 00:00:00
----------------------------------------------------------

5/10 Testing: BattleTest.ElfKillsBandit
5/10 Test: BattleTest.ElfKillsBandit
Command: "/Users/anastasiafimina/Desktop/ВУЗ/oop-labs-2025/lab-06/build/tests/balagur_tests" "--gtest_filter=BattleTest.ElfKillsBandit" "--gtest_also_run_disabled_tests"
Directory: /Users/anastasiafimina/Desktop/ВУЗ/oop-labs-2025/lab-06/build/tests
"BattleTest.ElfKillsBandit" start time: Nov 25 17:10 MSK
Output:
----------------------------------------------------------
Running main() from /Users/anastasiafimina/Desktop/ВУЗ/oop-labs-2025/lab-06/build/_deps/googletest-src/googletest/src/gtest_main.cc
Note: Google Test filter = BattleTest.ElfKillsBandit
[==========] Running 1 test from 1 test suite.
[----------] Global test environment set-up.
[----------] 1 test from BattleTest
[ RUN      ] BattleTest.ElfKillsBandit
[       OK ] BattleTest.ElfKillsBandit (0 ms)
[----------] 1 test from BattleTest (0 ms total)

[----------] Global test environment tear-down
[==========] 1 test from 1 test suite ran. (0 ms total)
[  PASSED  ] 1 test.
<end of output>
Test time =   0.00 sec
----------------------------------------------------------
Test Passed.
"BattleTest.ElfKillsBandit" end time: Nov 25 17:10 MSK
"BattleTest.ElfKillsBandit" time elapsed: 00:00:00
----------------------------------------------------------

6/10 Testing: BattleTest.BanditKillsSquirrel
6/10 Test: BattleTest.BanditKillsSquirrel
Command: "/Users/anastasiafimina/Desktop/ВУЗ/oop-labs-2025/lab-06/build/tests/balagur_tests" "--gtest_filter=BattleTest.BanditKillsSquirrel" "--gtest_also_run_disabled_tests"
Directory: /Users/anastasiafimina/Desktop/ВУЗ/oop-labs-2025/lab-06/build/tests
"BattleTest.BanditKillsSquirrel" start time: Nov 25 17:10 MSK
Output:
----------------------------------------------------------
Running main() from /Users/anastasiafimina/Desktop/ВУЗ/oop-labs-2025/lab-06/build/_deps/googletest-src/googletest/src/gtest_main.cc
Note: Google Test filter = BattleTest.BanditKillsSquirrel
[==========] Running 1 test from 1 test suite.
[----------] Global test environment set-up.
[----------] 1 test from BattleTest
[ RUN      ] BattleTest.BanditKillsSquirrel
[       OK ] BattleTest.BanditKillsSquirrel (0 ms)
[----------] 1 test from BattleTest (0 ms total)

[----------] Global test environment tear-down
[==========] 1 test from 1 test suite ran. (0 ms total)
[  PASSED  ] 1 test.
<end of output>
Test time =   0.00 sec
----------------------------------------------------------
Test Passed.
"BattleTest.BanditKillsSquirrel" end time: Nov 25 17:10 MSK
"BattleTest.BanditKillsSquirrel" time elapsed: 00:00:00
----------------------------------------------------------

7/10 Testing: BattleTest.SquirrelKillsElf
7/10 Test: BattleTest.SquirrelKillsElf
Command: "/Users/anastasiafimina/Desktop/ВУЗ/oop-labs-2025/lab-06/build/tests/balagur_tests" "--gtest_filter=BattleTest.SquirrelKillsElf" "--gtest_also_run_disabled_tests"
Directory: /Users/anastasiafimina/Desktop/ВУЗ/oop-labs-2025/lab-06/build/tests
"BattleTest.SquirrelKillsElf" start time: Nov 25 17:10 MSK
Output:
----------------------------------------------------------
Running main() from /Users/anastasiafimina/Desktop/ВУЗ/oop-labs-2025/lab-06/build/_deps/googletest-src/googletest/src/gtest_main.cc
Note: Google Test filter = BattleTest.SquirrelKillsElf
[==========] Running 1 test from 1 test suite.
[----------] Global test environment set-up.
[----------] 1 test from BattleTest
[ RUN      ] BattleTest.SquirrelKillsElf
[       OK ] BattleTest.SquirrelKillsElf (0 ms)
[----------] 1 test from BattleTest (0 ms total)

[----------] Global test environment tear-down
[==========] 1 test from 1 test suite ran. (0 ms total)
[  PASSED  ] 1 test.
<end of output>
Test time =   0.00 sec
----------------------------------------------------------
Test Passed.
"BattleTest.SquirrelKillsElf" end time: Nov 25 17:10 MSK
"BattleTest.SquirrelKillsElf" time elapsed: 00:00:00
----------------------------------------------------------

8/10 Testing: BattleTest.SameTypeMutualKill
8/10 Test: BattleTest.SameTypeMutualKill
Command: "/Users/anastasiafimina/Desktop/ВУЗ/oop-labs-2025/lab-06/build/tests/balagur_tests" "--gtest_filter=BattleTest.SameTypeMutualKill" "--gtest_also_run_disabled_tests"
Directory: /Users/anastasiafimina/Desktop/ВУЗ/oop-labs-2025/lab-06/build/tests
"BattleTest.SameTypeMutualKill" start time: Nov 25 17:10 MSK
Output:
----------------------------------------------------------
Running main() from /Users/anastasiafimina/Desktop/ВУЗ/oop-labs-2025/lab-06/build/_deps/googletest-src/googletest/src/gtest_main.cc
Note: Google Test filter = BattleTest.SameTypeMutualKill
[==========] Running 1 test from 1 test suite.
[----------] Global test environment set-up.
[----------] 1 test from BattleTest
[ RUN      ] BattleTest.SameTypeMutualKill
[       OK ] BattleTest.SameTypeMutualKill (0 ms)
[----------] 1 test from BattleTest (0 ms total)

[----------] Global test environment tear-down
[==========] 1 test from 1 test suite ran. (0 ms total)
[  PASSED  ] 1 test.
<end of output>
Test time =   0.00 sec
----------------------------------------------------------
Test Passed.
"BattleTest.SameTypeMutualKill" end time: Nov 25 17:10 MSK
"BattleTest.SameTypeMutualKill" time elapsed: 00:00:00
----------------------------------------------------------

9/10 Testing: DungeonValidation.RejectsOutOfBoundsNPC
9/10 Test: DungeonValidation.RejectsOutOfBoundsNPC
Command: "/Users/anastasiafimina/Desktop/ВУЗ/oop-labs-2025/lab-06/build/tests/balagur_tests" "--gtest_filter=DungeonValidation.RejectsOutOfBoundsNPC" "--gtest_also_run_disabled_tests"
Directory: /Users/anastasiafimina/Desktop/ВУЗ/oop-labs-2025/lab-06/build/tests
"DungeonValidation.RejectsOutOfBoundsNPC" start time: Nov 25 17:10 MSK
Output:
----------------------------------------------------------
Running main() from /Users/anastasiafimina/Desktop/ВУЗ/oop-labs-2025/lab-06/build/_deps/googletest-src/googletest/src/gtest_main.cc
Note: Google Test filter = DungeonValidation.RejectsOutOfBoundsNPC
[==========] Running 1 test from 1 test suite.
[----------] Global test environment set-up.
[----------] 1 test from DungeonValidation
[ RUN      ] DungeonValidation.RejectsOutOfBoundsNPC
[       OK ] DungeonValidation.RejectsOutOfBoundsNPC (0 ms)
[----------] 1 test from DungeonValidation (0 ms total)

[----------] Global test environment tear-down
[==========] 1 test from 1 test suite ran. (0 ms total)
[  PASSED  ] 1 test.
<end of output>
Test time =   0.00 sec
----------------------------------------------------------
Test Passed.
"DungeonValidation.RejectsOutOfBoundsNPC" end time: Nov 25 17:10 MSK
"DungeonValidation.RejectsOutOfBoundsNPC" time elapsed: 00:00:00
----------------------------------------------------------

10/10 Testing: DungeonValidation.RejectsDuplicateNamesPerType
10/10 Test: DungeonValidation.RejectsDuplicateNamesPerType
Command: "/Users/anastasiafimina/Desktop/ВУЗ/oop-labs-2025/lab-06/build/tests/balagur_tests" "--gtest_filter=DungeonValidation.RejectsDuplicateNamesPerType" "--gtest_also_run_disabled_tests"
Directory: /Users/anastasiafimina/Desktop/ВУЗ/oop-labs-2025/lab-06/build/tests
"DungeonValidation.RejectsDuplicateNamesPerType" start time: Nov 25 17:10 MSK
Output:
----------------------------------------------------------
Running main() from /Users/anastasiafimina/Desktop/ВУЗ/oop-labs-2025/lab-06/build/_deps/googletest-src/googletest/src/gtest_main.cc
Note: Google Test filter = DungeonValidation.RejectsDuplicateNamesPerType
[==========] Running 1 test from 1 test suite.
[----------] Global test environment set-up.
[----------] 1 test from DungeonValidation
[ RUN      ] DungeonValidation.RejectsDuplicateNamesPerType
[       OK ] DungeonValidation.RejectsDuplicateNamesPerType (0 ms)
[----------] 1 test from DungeonValidation (0 ms total)

[----------] Global test environment tear-down
[==========] 1 test from 1 test suite ran. (0 ms total)
[  PASSED  ] 1 test.
<end of output>
Test time =   0.00 sec
----------------------------------------------------------
Test Passed.
"DungeonValidation.RejectsDuplicateNamesPerType" end time: Nov 25 17:10 MSK
"DungeonValidation.RejectsDuplicateNamesPerType" time elapsed: 00:00:00
----------------------------------------------------------

End testing: Nov 25 17:10 MSK
